remoteClientLib/build/intermediates/manifest_merge_blame_file/debug/manifest-merger-blame-debug-report.txt
1<?xml version="1.0" encoding="utf-8"?>
2<manifest xmlns:android="http://schemas.android.com/apk/res/android"
3    xmlns:tools="http://schemas.android.com/tools"
4    package="com.undatech.remoteClientLib" >
5
6    <uses-sdk
7        android:minSdkVersion="21"
7-->src/main/AndroidManifest.xml
8        android:targetSdkVersion="31" />
8-->src/main/AndroidManifest.xml
9
10    <uses-permission android:name="android.permission.INTERNET" />
10-->src/main/AndroidManifest.xml:6:5-67
10-->src/main/AndroidManifest.xml:6:22-64
11    <uses-permission android:name="android.permission.VIBRATE" />
11-->src/main/AndroidManifest.xml:7:5-66
11-->src/main/AndroidManifest.xml:7:22-63
12    <uses-permission android:name="android.permission.ACCESS_NETWORK_STATE" />
12-->src/main/AndroidManifest.xml:8:5-79
12-->src/main/AndroidManifest.xml:8:22-76
13    <uses-permission android:name="android.permission.RECORD_AUDIO" />
13-->src/main/AndroidManifest.xml:9:5-71
13-->src/main/AndroidManifest.xml:9:22-68
14
15    <uses-feature
15-->src/main/AndroidManifest.xml:10:5-90
16        android:name="android.hardware.touchscreen"
16-->src/main/AndroidManifest.xml:10:19-62
17        android:required="false" />
17-->src/main/AndroidManifest.xml:10:63-87
18    <uses-feature
18-->src/main/AndroidManifest.xml:11:5-88
19        android:name="android.hardware.microphone"
19-->src/main/AndroidManifest.xml:11:19-61
20        android:required="false" />
20-->src/main/AndroidManifest.xml:11:62-86
21
22</manifest>